<?xml version="1.0" encoding="UTF-8"?>
<testsuite name="SimpleBankSystemTest" tests="1" skipped="0" failures="0" errors="0" timestamp="2021-06-10T21:05:58" hostname="3c22fb139a09.ant.amazon.com" time="0.241">
  <properties/>
  <testcase name="start" classname="SimpleBankSystemTest" time="0.241"/>
  <system-out><![CDATA[?[1;31m
Start test 1?[0m

1. Create an account
2. Log into account
0. Exit
>> 1

Your card has been created
Your card number:
4000001000000002
Your card PIN:
8199

1. Create an account
2. Log into account
0. Exit
>> 1

Your card has been created
Your card number:
4000001000000012
Your card PIN:
8199

1. Create an account
2. Log into account
0. Exit
>> 0

Bye!
?[1;31m
Start test 2?[0m

1. Create an account
2. Log into account
0. Exit
>> 1

Your card has been created
Your card number:
4000001000000002
Your card PIN:
8199

1. Create an account
2. Log into account
0. Exit
>> 2

Enter your card number:
> 4000001000000002
Enter your PIN:
> 8199

You have successfully logged in!

1. Balance
2. Log out
0. Exit
>> 2

You have successfully logged out!

1. Create an account
2. Log into account
0. Exit
>> 0

Bye!
?[1;31m
Start test 3?[0m

1. Create an account
2. Log into account
0. Exit
>> 1

Your card has been created
Your card number:
4000001000000002
Your card PIN:
8199

1. Create an account
2. Log into account
0. Exit
>> 2

Enter your card number:
> 4000001000000002
Enter your PIN:
> 3589

Wrong card number or PIN!

1. Create an account
2. Log into account
0. Exit
>> 0

Bye!
?[1;31m
Start test 4?[0m

1. Create an account
2. Log into account
0. Exit
>> 1

Your card has been created
Your card number:
4000001000000002
Your card PIN:
8199

1. Create an account
2. Log into account
0. Exit
>> 2

Enter your card number:
> 400000316274094
Enter your PIN:
> 8199

Wrong card number or PIN!

1. Create an account
2. Log into account
0. Exit
?[1;31m
Start test 5?[0m

1. Create an account
2. Log into account
0. Exit
>> 1

Your card has been created
Your card number:
4000001000000002
Your card PIN:
8199

1. Create an account
2. Log into account
0. Exit
>> 2

Enter your card number:
> 4000001000000002
Enter your PIN:
> 8199

You have successfully logged in!

1. Balance
2. Log out
0. Exit
>> 1

Balance: 0.0

1. Balance
2. Log out
0. Exit
>> 0

Bye!
]]></system-out>
  <system-err><![CDATA[]]></system-err>
</testsuite>
